<?xml version="1.0" encoding="UTF-8"?>
<!-- Generated by org.testng.reporters.JUnitReportReporter -->
<testsuite hostname="Aktotys-MacBook-Air.local" failures="0" tests="1" name="tests.TestCases" time="14.708" errors="0" timestamp="05 Mar 2020 07:49:06 GMT" skipped="0">
  <testcase classname="tests.TestCases" name="userInfoForm" time="14.708"/>
</testsuite> <!-- tests.TestCases -->
